<?xml version="1.0" encoding="UTF-8"?>
<!-- Generated by org.testng.reporters.JUnitReportReporter -->
<testsuite hostname="DESKTOP-FS4CIQU" failures="0" tests="2" name="org.testNG.expriments.Test3DataProviderClass" time="65.283" errors="0" timestamp="14 Mar 2022 10:53:22 GMT" skipped="0">
  <testcase classname="org.testNG.expriments.Test3DataProviderClass" name="test2" time="16.482"/>
  <testcase classname="org.testNG.expriments.Test3DataProviderClass" name="test3" time="48.801"/>
</testsuite> <!-- org.testNG.expriments.Test3DataProviderClass -->
