<?xml version="1.0" encoding="UTF-8"?>
<!-- Generated by org.testng.reporters.JUnitReportReporter -->
<testsuite hostname="DESKTOP-FS4CIQU" failures="0" tests="6" name="org.testNG.expriments.Test1" time="111.455" errors="0" timestamp="25 Feb 2022 15:40:47 GMT" skipped="0">
  <testcase classname="org.testNG.expriments.Test1" name="adactinTesting4" time="16.659"/>
  <testcase classname="org.testNG.expriments.Test1" name="adactinTesting5" time="20.571"/>
  <testcase classname="org.testNG.expriments.Test1" name="adatctinTesting2" time="11.807"/>
  <testcase classname="org.testNG.expriments.Test1" name="adactinTesting1" time="16.124"/>
  <testcase classname="org.testNG.expriments.Test1" name="adactinTesting3" time="24.264"/>
  <testcase classname="org.testNG.expriments.Test1" name="adactinTesting6" time="22.030"/>
</testsuite> <!-- org.testNG.expriments.Test1 -->
