<?xml version="1.0" encoding="UTF-8"?>
<!-- Generated by org.testng.reporters.JUnitReportReporter -->
<testsuite hostname="DESKTOP-FS4CIQU" failures="0" tests="5" name="org.testNG.expriments.Test8Groups" time="0.004" errors="0" timestamp="28 Feb 2022 10:02:52 GMT" skipped="0">
  <testcase classname="org.testNG.expriments.Test8Groups" name="test83" time="0.001"/>
  <testcase classname="org.testNG.expriments.Test8Groups" name="test85" time="0.001"/>
  <testcase classname="org.testNG.expriments.Test8Groups" name="test82" time="0.001"/>
  <testcase classname="org.testNG.expriments.Test8Groups" name="test84" time="0.000"/>
  <testcase classname="org.testNG.expriments.Test8Groups" name="test81" time="0.001"/>
</testsuite> <!-- org.testNG.expriments.Test8Groups -->
