<?xml version="1.0" encoding="UTF-8"?>
<!-- Generated by org.testng.reporters.JUnitReportReporter -->
<testsuite hostname="DESKTOP-FS4CIQU" failures="0" tests="1" name="org.Adaction.testing.AdactinTestNg" time="18.073" errors="0" timestamp="28 Feb 2022 06:47:35 GMT" skipped="0">
  <testcase classname="org.Adaction.testing.AdactinTestNg" name="adactinTesting" time="18.073"/>
</testsuite> <!-- org.Adaction.testing.AdactinTestNg -->
