<?xml version="1.0" encoding="UTF-8"?>
<!-- Generated by org.testng.reporters.JUnitReportReporter -->
<testsuite hostname="DESKTOP-FS4CIQU" failures="0" tests="5" name="org.testNG.expriments.Test5ParallelExecution" time="0.002" errors="0" timestamp="28 Feb 2022 06:43:00 GMT" skipped="0">
  <testcase classname="org.testNG.expriments.Test5ParallelExecution" name="Test57" time="0.000"/>
  <testcase classname="org.testNG.expriments.Test5ParallelExecution" name="Test51" time="0.001"/>
  <testcase classname="org.testNG.expriments.Test5ParallelExecution" name="Test58" time="0.001"/>
  <testcase classname="org.testNG.expriments.Test5ParallelExecution" name="Test53" time="0.000"/>
  <testcase classname="org.testNG.expriments.Test5ParallelExecution" name="Test54" time="0.000"/>
</testsuite> <!-- org.testNG.expriments.Test5ParallelExecution -->
