<?xml version="1.0" encoding="UTF-8"?>
<!-- Generated by org.testng.reporters.JUnitReportReporter -->
<testsuite hostname="DESKTOP-FS4CIQU" failures="0" tests="1" name="org.test.expriments.Test2" time="3.003" errors="0" timestamp="24 Feb 2022 09:47:18 GMT" skipped="0">
  <testcase classname="org.test.expriments.Test2" name="adactinTesting" time="3.003"/>
</testsuite> <!-- org.test.expriments.Test2 -->
