<?xml version="1.0" encoding="UTF-8"?>
<!-- Generated by org.testng.reporters.JUnitReportReporter -->
<testsuite hostname="DESKTOP-FS4CIQU" failures="0" tests="8" name="org.test.expriments.Test1" time="41.313" errors="0" timestamp="24 Feb 2022 17:42:22 GMT" skipped="1">
  <testcase classname="org.test.expriments.Test1" name="adactinTesting3" time="4.695"/>
  <testcase classname="org.test.expriments.Test1" name="adactinTesting" time="4.792"/>
  <testcase classname="org.test.expriments.Test1" name="adactinTesting" time="4.981"/>
  <testcase classname="org.test.expriments.Test1" name="adactinTesting" time="7.534"/>
  <testcase classname="org.test.expriments.Test1" name="adactinTesting" time="10.705"/>
  <testcase classname="org.test.expriments.Test1" name="adactinTesting" time="4.308"/>
  <testcase classname="org.test.expriments.Test1" name="adactinTesting4" time="4.298"/>
  <testcase classname="org.test.expriments.Test1" name="adatctinTesting2">
    <skipped/>
  </testcase> <!-- adatctinTesting2 -->
</testsuite> <!-- org.test.expriments.Test1 -->
