<?xml version="1.0" encoding="UTF-8"?>
<!-- Generated by org.testng.reporters.JUnitReportReporter -->
<testsuite hostname="DESKTOP-FS4CIQU" failures="0" tests="2" name="org.testNG.expriments.Test4DataProviderExecution" time="58.169" errors="0" timestamp="14 Mar 2022 11:07:00 GMT" skipped="0">
  <testcase classname="org.testNG.expriments.Test4DataProviderExecution" name="dataProvider" time="25.919"/>
  <testcase classname="org.testNG.expriments.Test4DataProviderExecution" name="dataProvider" time="32.250"/>
</testsuite> <!-- org.testNG.expriments.Test4DataProviderExecution -->
